<?xml version="1.0" encoding="UTF-8"?>
<!-- Generated by org.testng.reporters.JUnitXMLReporter -->
<testsuite ignored="0" hostname="LAPTOP-90PJD2RN" failures="0" tests="4" name="signin Suite" time="25.534" errors="0" timestamp="2023-11-10T14:58:24 IST">
  <testcase classname="com.facebook.Tests.SignInTests4" name="loginWithInValidPassWord" time="3.214"/>
  <testcase classname="com.facebook.Tests.SignInTests3" name="loginWithInValidEmail" time="1.328"/>
  <testcase classname="com.facebook.Tests.SignInTests2" name="loginWithValidCredential" time="3.404"/>
  <testcase classname="com.facebook.Tests.SignInTests5" name="loginWithBlankCradinital" time="3.685"/>
</testsuite> <!-- signin Suite -->
